2026/03/11 22:28:06 Database connected successfully
2026/03/11 22:28:06 Database tables created successfully
[GIN-debug] [WARNING] Creating an Engine instance with the Logger and Recovery middleware already attached.

[GIN-debug] [WARNING] Running in "debug" mode. Switch to "release" mode in production.
 - using env:	export GIN_MODE=release
 - using code:	gin.SetMode(gin.ReleaseMode)

[GIN-debug] GET    /ws                       --> main.main.HandleWebSocket.func2 (4 handlers)
[GIN-debug] POST   /api/auth/register        --> discord-backend/internal/handlers.(*AuthHandler).Register-fm (4 handlers)
[GIN-debug] POST   /api/auth/login           --> discord-backend/internal/handlers.(*AuthHandler).Login-fm (4 handlers)
[GIN-debug] GET    /api/auth/me              --> discord-backend/internal/handlers.(*AuthHandler).GetMe-fm (5 handlers)
[GIN-debug] POST   /api/guilds               --> discord-backend/internal/handlers.(*GuildHandler).Create-fm (5 handlers)
[GIN-debug] GET    /api/guilds               --> discord-backend/internal/handlers.(*GuildHandler).GetUserGuilds-fm (5 handlers)
[GIN-debug] GET    /api/guilds/:id           --> discord-backend/internal/handlers.(*GuildHandler).Get-fm (5 handlers)
[GIN-debug] DELETE /api/guilds/:id           --> discord-backend/internal/handlers.(*GuildHandler).Delete-fm (5 handlers)
[GIN-debug] GET    /api/guilds/:id/members   --> discord-backend/internal/handlers.(*GuildHandler).GetMembers-fm (5 handlers)
[GIN-debug] POST   /api/guilds/:id/channels  --> discord-backend/internal/handlers.(*ChannelHandler).CreateByGuild-fm (5 handlers)
[GIN-debug] GET    /api/guilds/:id/channels  --> discord-backend/internal/handlers.(*ChannelHandler).GetByGuild-fm (5 handlers)
[GIN-debug] GET    /api/channels/:id         --> discord-backend/internal/handlers.(*ChannelHandler).Get-fm (5 handlers)
[GIN-debug] DELETE /api/channels/:id         --> discord-backend/internal/handlers.(*ChannelHandler).Delete-fm (5 handlers)
[GIN-debug] GET    /api/channels/:id/messages --> discord-backend/internal/handlers.(*MessageHandler).Get-fm (5 handlers)
[GIN-debug] POST   /api/channels/:id/messages --> discord-backend/internal/handlers.(*MessageHandler).Create-fm (5 handlers)
[GIN-debug] POST   /api/voice/join           --> discord-backend/internal/handlers.(*VoiceHandler).Join-fm (5 handlers)
[GIN-debug] POST   /api/voice/leave          --> discord-backend/internal/handlers.(*VoiceHandler).Leave-fm (5 handlers)
[GIN-debug] GET    /api/voice/:channelId     --> discord-backend/internal/handlers.(*VoiceHandler).GetChannelState-fm (5 handlers)
2026/03/11 22:28:06 Server starting on port 8080
[GIN-debug] [WARNING] You trusted all proxies, this is NOT safe. We recommend you to set a value.
Please check https://github.com/gin-gonic/gin/blob/master/docs/doc.md#dont-trust-all-proxies for details.
[GIN-debug] Listening and serving HTTP on :8080
[GIN] 2026/03/11 - 22:28:40 | 404 |  2.584µs |             ::1 | GET      "/"
[GIN] 2026/03/11 - 22:28:40 | 404 |  5.333µs |             ::1 | GET      "/favicon.ico"
[GIN] 2026/03/11 - 22:29:20 | 404 |  2.583µs |             ::1 | GET      "/"
signal: killed
